This is TeX, Version 3.14159 (C version 6.1) (format=latex 96.11.4)  3 MAY 1997 10:03
**slip.latex
(slip.latex
LaTeX2e <1996/06/01>
Hyphenation patterns for english, german, loaded.
(/usr/local/teTeX/texmf/tex/latex/base/article.cls
Document Class: article 1996/05/26 v1.3r Standard LaTeX document class
(/usr/local/teTeX/texmf/tex/latex/base/size12.clo
File: size12.clo 1996/05/26 v1.3r Standard LaTeX file (size option)
)
\c@part=\count79
\c@section=\count80
\c@subsection=\count81
\c@subsubsection=\count82
\c@paragraph=\count83
\c@subparagraph=\count84
\c@figure=\count85
\c@table=\count86
\abovecaptionskip=\skip41
\belowcaptionskip=\skip42
\bibindent=\dimen102
)
(/usr/local/teTeX/texmf/tex/latex/graphics/graphics.sty
Package: graphics 1996/05/29 v1.0 Standard LaTeX Graphics (DPC,SPQR)

(/usr/local/teTeX/texmf/tex/latex/graphics/trig.sty
Package: trig 1994/10/16 v1.08 sin cos tan (DPC)
)
(/usr/local/teTeX/texmf/tex/latex/config/graphics.cfg)
Package graphics Info: Driver file: dvips.def on input line 82.

(/usr/local/teTeX/texmf/tex/latex/graphics/dvips.def
File: dvips.def 1996/05/29 v3.00 Driver-dependant file (DPC,SPQR)
)) (slip.aux)
LaTeX Font Info:    Checking defaults for OML/cmm/m/it on input line 13.
LaTeX Font Info:    ... okay on input line 13.
LaTeX Font Info:    Checking defaults for T1/cmr/m/n on input line 13.
LaTeX Font Info:    ... okay on input line 13.
LaTeX Font Info:    Checking defaults for OT1/cmr/m/n on input line 13.
LaTeX Font Info:    ... okay on input line 13.
LaTeX Font Info:    Checking defaults for OMS/cmsy/m/n on input line 13.
LaTeX Font Info:    ... okay on input line 13.
LaTeX Font Info:    Checking defaults for OMX/cmex/m/n on input line 13.
LaTeX Font Info:    ... okay on input line 13.
LaTeX Font Info:    Checking defaults for U/cmr/m/n on input line 13.
LaTeX Font Info:    ... okay on input line 13.
LaTeX Font Info:    External font `cmex10' loaded for size
(Font)              <14.4> on input line 17.
LaTeX Font Info:    External font `cmex10' loaded for size
(Font)              <7> on input line 17.
 [1

] [2]
[3] [4] [5]
Overfull \hbox (103.6496pt too wide) in paragraph at lines 218--218
 [] \OT1/cmtt/m/n/12 # use uucp style locks to ensure exclusive access to the s
erial device[] 
 []


Overfull \hbox (72.77458pt too wide) in paragraph at lines 218--218
 [] \OT1/cmtt/m/n/12 # create a default route for this connection in the routin
g table[] 
 []


Overfull \hbox (45.34677pt too wide) in paragraph at lines 224--224
 [][]\OT1/cmtt/m/n/12 alias ppp 'exec /usr/sbin/pppd -d -detach /dev/ttyS1 2400
'[] 
 []

[6]
Overfull \hbox (40.7499pt too wide) in paragraph at lines 262--262
 [] \OT1/cmtt/m/n/12 inet addr:10.144.153.104  P-t-P:10.144.153.51 Mask:255.255
.255.0[] 
 []

[7] (slip.aux) ) 
Here is how much of TeX's memory you used:
 434 strings out of 10910
 4376 string characters out of 72285
 50929 words of memory out of 262141
 3359 multiletter control sequences out of 9500
 6539 words of font info for 24 fonts, out of 150000 for 255
 14 hyphenation exceptions out of 607
 22i,6n,21p,162b,383s stack positions out of 300i,40n,60p,3000b,4000s

Output written on slip.dvi (7 pages, 14692 bytes).
